c:\users\денис\desktop\docs\univ\лаба\lab6\object3\x64\debug\object3.pch
c:\users\денис\desktop\docs\univ\лаба\lab6\object3\x64\debug\vc142.pdb
c:\users\денис\desktop\docs\univ\лаба\lab6\object3\x64\debug\pch.obj
c:\users\денис\desktop\docs\univ\лаба\lab6\object3\x64\debug\object3.obj
c:\users\денис\documents\github\oop-labs\lab6\object3\x64\debug\object3.pch
c:\users\денис\documents\github\oop-labs\lab6\object3\x64\debug\vc142.pdb
c:\users\денис\documents\github\oop-labs\lab6\object3\x64\debug\pch.obj
c:\users\денис\documents\github\oop-labs\lab6\object3\x64\debug\object3.obj
c:\users\денис\desktop\docs\univ\лаба\lab6\x64\debug\object3.exe
c:\users\денис\desktop\docs\univ\лаба\lab6\x64\debug\object3.pdb
c:\users\денис\documents\github\oop-labs\lab6\x64\debug\object3.exe
c:\users\денис\documents\github\oop-labs\lab6\x64\debug\object3.pdb
c:\users\денис\desktop\docs\univ\лаба\lab6\x64\debug\object3.ipdb
c:\users\денис\desktop\docs\univ\лаба\lab6\x64\debug\object3.iobj
c:\users\денис\documents\github\oop-labs\lab6\x64\debug\object3.ipdb
c:\users\денис\documents\github\oop-labs\lab6\x64\debug\object3.iobj
c:\users\денис\desktop\docs\univ\лаба\lab6\object3\x64\debug\object3.res
c:\users\денис\documents\github\oop-labs\lab6\object3\x64\debug\object3.res
d:\lab6\object3\x64\debug\object3.obj
d:\lab6\object3\x64\debug\pch.obj
d:\lab6\object3\x64\debug\object3.res
d:\lab6\object3\x64\debug\object3.pch
d:\lab6\object3\x64\debug\vc142.pdb
d:\lab6\x64\debug\object3.pdb
d:\lab6\x64\debug\object3.exe
d:\lab6\object3\x64\debug\object3.tlog\cl.command.1.tlog
d:\lab6\object3\x64\debug\object3.tlog\cl.read.1.tlog
d:\lab6\object3\x64\debug\object3.tlog\cl.write.1.tlog
d:\lab6\object3\x64\debug\object3.tlog\link.command.1.tlog
d:\lab6\object3\x64\debug\object3.tlog\link.read.1.tlog
d:\lab6\object3\x64\debug\object3.tlog\link.write.1.tlog
d:\lab6\object3\x64\debug\object3.tlog\object3.write.1u.tlog
d:\lab6\object3\x64\debug\object3.tlog\rc.command.1.tlog
d:\lab6\object3\x64\debug\object3.tlog\rc.read.1.tlog
d:\lab6\object3\x64\debug\object3.tlog\rc.write.1.tlog
