c:\users\денис\desktop\docs\univ\лаба\lab6\object2\x64\debug\object2.pch
c:\users\денис\desktop\docs\univ\лаба\lab6\object2\x64\debug\vc142.pdb
c:\users\денис\desktop\docs\univ\лаба\lab6\object2\x64\debug\pch.obj
c:\users\денис\desktop\docs\univ\лаба\lab6\object2\x64\debug\object2.obj
c:\users\денис\documents\github\oop-labs\lab6\object2\x64\debug\object2.pch
c:\users\денис\documents\github\oop-labs\lab6\object2\x64\debug\vc142.pdb
c:\users\денис\documents\github\oop-labs\lab6\object2\x64\debug\pch.obj
c:\users\денис\documents\github\oop-labs\lab6\object2\x64\debug\object2.obj
c:\users\денис\desktop\docs\univ\лаба\lab6\x64\debug\object2.exe
c:\users\денис\desktop\docs\univ\лаба\lab6\x64\debug\object2.pdb
c:\users\денис\documents\github\oop-labs\lab6\x64\debug\object2.exe
c:\users\денис\documents\github\oop-labs\lab6\x64\debug\object2.pdb
c:\users\денис\desktop\docs\univ\лаба\lab6\x64\debug\object2.ipdb
c:\users\денис\desktop\docs\univ\лаба\lab6\x64\debug\object2.iobj
c:\users\денис\documents\github\oop-labs\lab6\x64\debug\object2.ipdb
c:\users\денис\documents\github\oop-labs\lab6\x64\debug\object2.iobj
c:\users\денис\desktop\docs\univ\лаба\lab6\object2\x64\debug\object2.res
c:\users\денис\documents\github\oop-labs\lab6\object2\x64\debug\object2.res
d:\lab6\object2\x64\debug\object2.obj
d:\lab6\object2\x64\debug\pch.obj
d:\lab6\object2\x64\debug\object2.res
d:\lab6\object2\x64\debug\object2.pch
d:\lab6\object2\x64\debug\vc142.pdb
d:\lab6\x64\debug\object2.pdb
d:\lab6\x64\debug\object2.exe
d:\lab6\object2\x64\debug\object2.tlog\cl.command.1.tlog
d:\lab6\object2\x64\debug\object2.tlog\cl.read.1.tlog
d:\lab6\object2\x64\debug\object2.tlog\cl.write.1.tlog
d:\lab6\object2\x64\debug\object2.tlog\link.command.1.tlog
d:\lab6\object2\x64\debug\object2.tlog\link.read.1.tlog
d:\lab6\object2\x64\debug\object2.tlog\link.write.1.tlog
d:\lab6\object2\x64\debug\object2.tlog\object2.write.1u.tlog
d:\lab6\object2\x64\debug\object2.tlog\rc.command.1.tlog
d:\lab6\object2\x64\debug\object2.tlog\rc.read.1.tlog
d:\lab6\object2\x64\debug\object2.tlog\rc.write.1.tlog
