d:\lab6\lab6\x64\debug\lab6.pch
d:\lab6\lab6\x64\debug\vc142.pdb
d:\lab6\lab6\x64\debug\pch.obj
d:\lab6\lab6\x64\debug\lab6.obj
d:\lab6\lab6\x64\debug\inputvaluesmodule.obj
c:\users\денис\documents\github\oop-labs\lab6\x64\debug\lab6.ipdb
c:\users\денис\documents\github\oop-labs\lab6\x64\debug\lab6.iobj
d:\lab6\x64\debug\lab6.ipdb
d:\lab6\x64\debug\lab6.iobj
d:\lab6\x64\debug\lab6.exe
d:\lab6\lab6\x64\debug\lab6.ipdb
d:\lab6\lab6\x64\debug\lab6.iobj
d:\lab6\x64\debug\lab6.pdb
d:\lab6\lab6\x64\debug\inputvaluesmodule.res
d:\lab6\lab6\x64\debug\lab6.res
d:\lab6\lab6\x64\debug\lab6.tlog\cl.command.1.tlog
d:\lab6\lab6\x64\debug\lab6.tlog\cl.read.1.tlog
d:\lab6\lab6\x64\debug\lab6.tlog\cl.write.1.tlog
d:\lab6\lab6\x64\debug\lab6.tlog\lab6.write.1u.tlog
d:\lab6\lab6\x64\debug\lab6.tlog\link.command.1.tlog
d:\lab6\lab6\x64\debug\lab6.tlog\link.read.1.tlog
d:\lab6\lab6\x64\debug\lab6.tlog\link.write.1.tlog
d:\lab6\lab6\x64\debug\lab6.tlog\rc.command.1.tlog
d:\lab6\lab6\x64\debug\lab6.tlog\rc.read.1.tlog
d:\lab6\lab6\x64\debug\lab6.tlog\rc.write.1.tlog
